-------------------------------------------
Batch: 0
-------------------------------------------
+--------+-----+
|customer|score|
+--------+-----+
+--------+-----+

-------------------------------------------
Batch: 1
-------------------------------------------
+--------------------+-----+
|            customer|score|
+--------------------+-----+
|Trevor.Jackson@te...| 17.0|
+--------------------+-----+

-------------------------------------------
Batch: 2
-------------------------------------------
+--------------------+-----+
|            customer|score|
+--------------------+-----+
|Craig.Mitra@test.com|  8.0|
|  Eric.Huey@test.com|  9.5|
+--------------------+-----+

-------------------------------------------
Batch: 3
-------------------------------------------
+--------------------+-----+
|            customer|score|
+--------------------+-----+
|Gail.Sanchez@test...| 23.5|
+--------------------+-----+

-------------------------------------------
Batch: 4
-------------------------------------------
+--------------------+-----+
|            customer|score|
+--------------------+-----+
|Suresh.Gonzalez@t...| -4.5|
+--------------------+-----+

-------------------------------------------
Batch: 5
-------------------------------------------
+--------------------+-----+
|            customer|score|
+--------------------+-----+
|Danny.Fibonnaci@t...| -2.0|
+--------------------+-----+

-------------------------------------------
Batch: 6
-------------------------------------------
+-------------------+-----+
|           customer|score|
+-------------------+-----+
|Eric.Olson@test.com| -4.5|
+-------------------+-----+

-------------------------------------------
Batch: 7
-------------------------------------------
+--------------------+-----+
|            customer|score|
+--------------------+-----+
|Senthil.Clark@tes...| -4.0|
+--------------------+-----+

-------------------------------------------
Batch: 8
-------------------------------------------
+--------------------+-----+
|            customer|score|
+--------------------+-----+
|Ashley.Staples@te...| -3.0|
+--------------------+-----+

-------------------------------------------
Batch: 9
-------------------------------------------
+--------------------+-----+
|            customer|score|
+--------------------+-----+
|Craig.Lincoln@tes...| -2.0|
+--------------------+-----+

-------------------------------------------
Batch: 10
-------------------------------------------
+------------------+-----+
|          customer|score|
+------------------+-----+
|Gail.Huey@test.com| -2.0|
+------------------+-----+

-------------------------------------------
Batch: 11
-------------------------------------------
+--------------------+-----+
|            customer|score|
+--------------------+-----+
|Spencer.Gonzalez@...| -3.0|
+--------------------+-----+

-------------------------------------------
Batch: 12
-------------------------------------------
+-------------------+-----+
|           customer|score|
+-------------------+-----+
|Spencer.Wu@test.com| -4.0|
+-------------------+-----+

-------------------------------------------
Batch: 13
-------------------------------------------
+--------------------+-----+
|            customer|score|
+--------------------+-----+
|Bobby.Howard@test...| -4.0|
+--------------------+-----+

-------------------------------------------
Batch: 14
-------------------------------------------
+--------------------+-----+
|            customer|score|
+--------------------+-----+
|Frank.Khatib@test...|-16.5|
+--------------------+-----+

-------------------------------------------
Batch: 15
-------------------------------------------
+--------------------+-----+
|            customer|score|
+--------------------+-----+
|Larry.Doshi@test.com| 35.5|
+--------------------+-----+

-------------------------------------------
Batch: 16
-------------------------------------------
+--------------------+-----+
|            customer|score|
+--------------------+-----+
|Trevor.Davis@test...| -1.5|
+--------------------+-----+

-------------------------------------------
Batch: 17
-------------------------------------------
+--------------------+-----+
|            customer|score|
+--------------------+-----+
|Edward.Hansen@tes...|  5.0|
+--------------------+-----+

-------------------------------------------
Batch: 18
-------------------------------------------
+--------------------+-----+
|            customer|score|
+--------------------+-----+
|Suresh.Jones@test...| -7.5|
+--------------------+-----+

-------------------------------------------
Batch: 19
-------------------------------------------
+-------------------+-----+
|           customer|score|
+-------------------+-----+
|Jane.Doshi@test.com| 14.5|
+-------------------+-----+

-------------------------------------------
Batch: 20
-------------------------------------------
+--------------------+-----+
|            customer|score|
+--------------------+-----+
|Jacob.Jones@test.com| -7.0|
+--------------------+-----+

-------------------------------------------
Batch: 21
-------------------------------------------
+--------------------+-----+
|            customer|score|
+--------------------+-----+
|Craig.Staples@tes...| -8.0|
+--------------------+-----+

-------------------------------------------
Batch: 22
-------------------------------------------
+--------------------+-----+
|            customer|score|
+--------------------+-----+
|Craig.Hansen@test...|-40.5|
+--------------------+-----+

